25-07-2022 20:21:04.922 [main] INFO  c.k.logserver.LogServerApplication.logStarting - Starting LogServerApplication using Java 11.0.11 on DESKTOP-N747L0E with PID 3036 (C:\Users\bolotov_ip\Desktop\kafka-learn\log-server\target\classes started by bolotov_ip in C:\Users\bolotov_ip\Desktop\kafka-learn\log-server)
25-07-2022 20:21:04.995 [main] INFO  c.k.logserver.LogServerApplication.logStartupProfileInfo - No active profile set, falling back to 1 default profile: "default"
25-07-2022 20:21:15.577 [main] INFO  o.s.b.w.e.tomcat.TomcatWebServer.initialize - Tomcat initialized with port(s): 8083 (http)
25-07-2022 20:21:15.612 [main] INFO  o.a.catalina.core.StandardService.log - Starting service [Tomcat]
25-07-2022 20:21:15.614 [main] INFO  o.a.catalina.core.StandardEngine.log - Starting Servlet engine: [Apache Tomcat/9.0.65]
25-07-2022 20:21:16.386 [main] INFO  o.a.c.c.C.[Tomcat].[localhost].[/].log - Initializing Spring embedded WebApplicationContext
25-07-2022 20:21:16.387 [main] INFO  o.s.b.w.s.c.ServletWebServerApplicationContext.prepareWebApplicationContext - Root WebApplicationContext: initialization completed in 10632 ms
25-07-2022 20:21:19.984 [main] INFO  o.a.k.c.consumer.ConsumerConfig.logAll - ConsumerConfig values: 
	allow.auto.create.topics = true
	auto.commit.interval.ms = 5000
	auto.offset.reset = earliest
	bootstrap.servers = [localhost:9092]
	check.crcs = true
	client.dns.lookup = use_all_dns_ips
	client.id = consumer-log-server.consumer-1
	client.rack = 
	connections.max.idle.ms = 540000
	default.api.timeout.ms = 60000
	enable.auto.commit = false
	exclude.internal.topics = true
	fetch.max.bytes = 52428800
	fetch.max.wait.ms = 500
	fetch.min.bytes = 1
	group.id = log-server.consumer
	group.instance.id = null
	heartbeat.interval.ms = 3000
	interceptor.classes = []
	internal.leave.group.on.close = true
	internal.throw.on.fetch.stable.offset.unsupported = false
	isolation.level = read_uncommitted
	key.deserializer = class org.apache.kafka.common.serialization.StringDeserializer
	max.partition.fetch.bytes = 1048576
	max.poll.interval.ms = 300000
	max.poll.records = 500
	metadata.max.age.ms = 300000
	metric.reporters = []
	metrics.num.samples = 2
	metrics.recording.level = INFO
	metrics.sample.window.ms = 30000
	partition.assignment.strategy = [class org.apache.kafka.clients.consumer.RangeAssignor, class org.apache.kafka.clients.consumer.CooperativeStickyAssignor]
	receive.buffer.bytes = 65536
	reconnect.backoff.max.ms = 1000
	reconnect.backoff.ms = 50
	request.timeout.ms = 30000
	retry.backoff.ms = 100
	sasl.client.callback.handler.class = null
	sasl.jaas.config = null
	sasl.kerberos.kinit.cmd = /usr/bin/kinit
	sasl.kerberos.min.time.before.relogin = 60000
	sasl.kerberos.service.name = null
	sasl.kerberos.ticket.renew.jitter = 0.05
	sasl.kerberos.ticket.renew.window.factor = 0.8
	sasl.login.callback.handler.class = null
	sasl.login.class = null
	sasl.login.connect.timeout.ms = null
	sasl.login.read.timeout.ms = null
	sasl.login.refresh.buffer.seconds = 300
	sasl.login.refresh.min.period.seconds = 60
	sasl.login.refresh.window.factor = 0.8
	sasl.login.refresh.window.jitter = 0.05
	sasl.login.retry.backoff.max.ms = 10000
	sasl.login.retry.backoff.ms = 100
	sasl.mechanism = GSSAPI
	sasl.oauthbearer.clock.skew.seconds = 30
	sasl.oauthbearer.expected.audience = null
	sasl.oauthbearer.expected.issuer = null
	sasl.oauthbearer.jwks.endpoint.refresh.ms = 3600000
	sasl.oauthbearer.jwks.endpoint.retry.backoff.max.ms = 10000
	sasl.oauthbearer.jwks.endpoint.retry.backoff.ms = 100
	sasl.oauthbearer.jwks.endpoint.url = null
	sasl.oauthbearer.scope.claim.name = scope
	sasl.oauthbearer.sub.claim.name = sub
	sasl.oauthbearer.token.endpoint.url = null
	security.protocol = PLAINTEXT
	security.providers = null
	send.buffer.bytes = 131072
	session.timeout.ms = 45000
	socket.connection.setup.timeout.max.ms = 30000
	socket.connection.setup.timeout.ms = 10000
	ssl.cipher.suites = null
	ssl.enabled.protocols = [TLSv1.2, TLSv1.3]
	ssl.endpoint.identification.algorithm = https
	ssl.engine.factory.class = null
	ssl.key.password = null
	ssl.keymanager.algorithm = SunX509
	ssl.keystore.certificate.chain = null
	ssl.keystore.key = null
	ssl.keystore.location = null
	ssl.keystore.password = null
	ssl.keystore.type = JKS
	ssl.protocol = TLSv1.3
	ssl.provider = null
	ssl.secure.random.implementation = null
	ssl.trustmanager.algorithm = PKIX
	ssl.truststore.certificates = null
	ssl.truststore.location = null
	ssl.truststore.password = null
	ssl.truststore.type = JKS
	value.deserializer = class org.springframework.kafka.support.serializer.JsonDeserializer

25-07-2022 20:21:21.097 [main] INFO  o.a.kafka.common.utils.AppInfoParser.<init> - Kafka version: 3.1.1
25-07-2022 20:21:21.101 [main] INFO  o.a.kafka.common.utils.AppInfoParser.<init> - Kafka commitId: 97671528ba54a138
25-07-2022 20:21:21.104 [main] INFO  o.a.kafka.common.utils.AppInfoParser.<init> - Kafka startTimeMs: 1658751681093
25-07-2022 20:21:21.138 [main] INFO  o.a.k.clients.consumer.KafkaConsumer.subscribe - [Consumer clientId=consumer-log-server.consumer-1, groupId=log-server.consumer] Subscribed to topic(s): ans
25-07-2022 20:21:21.232 [main] INFO  o.s.b.w.e.tomcat.TomcatWebServer.start - Tomcat started on port(s): 8083 (http) with context path ''
25-07-2022 20:21:21.276 [main] INFO  c.k.logserver.LogServerApplication.logStarted - Started LogServerApplication in 21.009 seconds (JVM running for 25.519)
25-07-2022 20:21:23.952 [org.springframework.kafka.KafkaListenerEndpointContainer#0-0-C-1] WARN  o.apache.kafka.clients.NetworkClient.handleSuccessfulResponse - [Consumer clientId=consumer-log-server.consumer-1, groupId=log-server.consumer] Error while fetching metadata with correlation id 2 : {ans=LEADER_NOT_AVAILABLE}
25-07-2022 20:21:23.958 [org.springframework.kafka.KafkaListenerEndpointContainer#0-0-C-1] INFO  org.apache.kafka.clients.Metadata.update - [Consumer clientId=consumer-log-server.consumer-1, groupId=log-server.consumer] Cluster ID: nji8g3lFRg2mFXHA3BC2XQ
25-07-2022 20:21:24.179 [org.springframework.kafka.KafkaListenerEndpointContainer#0-0-C-1] WARN  o.apache.kafka.clients.NetworkClient.handleSuccessfulResponse - [Consumer clientId=consumer-log-server.consumer-1, groupId=log-server.consumer] Error while fetching metadata with correlation id 4 : {ans=LEADER_NOT_AVAILABLE}
25-07-2022 20:21:24.310 [org.springframework.kafka.KafkaListenerEndpointContainer#0-0-C-1] WARN  o.apache.kafka.clients.NetworkClient.handleSuccessfulResponse - [Consumer clientId=consumer-log-server.consumer-1, groupId=log-server.consumer] Error while fetching metadata with correlation id 5 : {ans=LEADER_NOT_AVAILABLE}
25-07-2022 20:21:24.473 [org.springframework.kafka.KafkaListenerEndpointContainer#0-0-C-1] WARN  o.apache.kafka.clients.NetworkClient.handleSuccessfulResponse - [Consumer clientId=consumer-log-server.consumer-1, groupId=log-server.consumer] Error while fetching metadata with correlation id 7 : {ans=LEADER_NOT_AVAILABLE}
25-07-2022 20:21:25.120 [org.springframework.kafka.KafkaListenerEndpointContainer#0-0-C-1] WARN  o.apache.kafka.clients.NetworkClient.handleSuccessfulResponse - [Consumer clientId=consumer-log-server.consumer-1, groupId=log-server.consumer] Error while fetching metadata with correlation id 9 : {ans=LEADER_NOT_AVAILABLE}
25-07-2022 20:21:25.450 [org.springframework.kafka.KafkaListenerEndpointContainer#0-0-C-1] INFO  org.apache.kafka.clients.Metadata.updateLatestMetadata - [Consumer clientId=consumer-log-server.consumer-1, groupId=log-server.consumer] Resetting the last seen epoch of partition ans-0 to 0 since the associated topicId changed from null to nHum5OIiTJC-aplfa4zo6w
25-07-2022 20:21:29.687 [org.springframework.kafka.KafkaListenerEndpointContainer#0-0-C-1] INFO  o.a.k.c.c.i.ConsumerCoordinator.onSuccess - [Consumer clientId=consumer-log-server.consumer-1, groupId=log-server.consumer] Discovered group coordinator localhost:9092 (id: 2147482646 rack: null)
25-07-2022 20:21:29.693 [org.springframework.kafka.KafkaListenerEndpointContainer#0-0-C-1] INFO  o.a.k.c.c.i.ConsumerCoordinator.sendJoinGroupRequest - [Consumer clientId=consumer-log-server.consumer-1, groupId=log-server.consumer] (Re-)joining group
25-07-2022 20:21:29.775 [org.springframework.kafka.KafkaListenerEndpointContainer#0-0-C-1] INFO  o.a.k.c.c.i.ConsumerCoordinator.requestRejoin - [Consumer clientId=consumer-log-server.consumer-1, groupId=log-server.consumer] Request joining group due to: need to re-join with the given member-id
25-07-2022 20:21:29.776 [org.springframework.kafka.KafkaListenerEndpointContainer#0-0-C-1] INFO  o.a.k.c.c.i.ConsumerCoordinator.sendJoinGroupRequest - [Consumer clientId=consumer-log-server.consumer-1, groupId=log-server.consumer] (Re-)joining group
25-07-2022 20:21:29.837 [org.springframework.kafka.KafkaListenerEndpointContainer#0-0-C-1] INFO  o.a.k.c.c.i.ConsumerCoordinator.handle - [Consumer clientId=consumer-log-server.consumer-1, groupId=log-server.consumer] Successfully joined group with generation Generation{generationId=1, memberId='consumer-log-server.consumer-1-ab493190-3932-43ec-bf5e-20f9a05a13e6', protocol='range'}
25-07-2022 20:21:29.841 [org.springframework.kafka.KafkaListenerEndpointContainer#0-0-C-1] INFO  o.a.k.c.c.i.ConsumerCoordinator.performAssignment - [Consumer clientId=consumer-log-server.consumer-1, groupId=log-server.consumer] Finished assignment for group at generation 1: {consumer-log-server.consumer-1-ab493190-3932-43ec-bf5e-20f9a05a13e6=Assignment(partitions=[ans-0])}
25-07-2022 20:21:30.056 [org.springframework.kafka.KafkaListenerEndpointContainer#0-0-C-1] INFO  o.a.k.c.c.i.ConsumerCoordinator.handle - [Consumer clientId=consumer-log-server.consumer-1, groupId=log-server.consumer] Successfully synced group in generation Generation{generationId=1, memberId='consumer-log-server.consumer-1-ab493190-3932-43ec-bf5e-20f9a05a13e6', protocol='range'}
25-07-2022 20:21:30.058 [org.springframework.kafka.KafkaListenerEndpointContainer#0-0-C-1] INFO  o.a.k.c.c.i.ConsumerCoordinator.invokeOnAssignment - [Consumer clientId=consumer-log-server.consumer-1, groupId=log-server.consumer] Notifying assignor about the new Assignment(partitions=[ans-0])
25-07-2022 20:21:30.062 [org.springframework.kafka.KafkaListenerEndpointContainer#0-0-C-1] INFO  o.a.k.c.c.i.ConsumerCoordinator.invokePartitionsAssigned - [Consumer clientId=consumer-log-server.consumer-1, groupId=log-server.consumer] Adding newly assigned partitions: ans-0
25-07-2022 20:21:30.124 [org.springframework.kafka.KafkaListenerEndpointContainer#0-0-C-1] INFO  o.a.k.c.c.i.ConsumerCoordinator.handle - [Consumer clientId=consumer-log-server.consumer-1, groupId=log-server.consumer] Found no committed offset for partition ans-0
25-07-2022 20:21:30.177 [org.springframework.kafka.KafkaListenerEndpointContainer#0-0-C-1] INFO  o.a.k.c.c.i.SubscriptionState.maybeSeekUnvalidated - [Consumer clientId=consumer-log-server.consumer-1, groupId=log-server.consumer] Resetting offset for partition ans-0 to position FetchPosition{offset=0, offsetEpoch=Optional.empty, currentLeader=LeaderAndEpoch{leader=Optional[localhost:9092 (id: 1001 rack: null)], epoch=0}}.
25-07-2022 20:21:30.179 [org.springframework.kafka.KafkaListenerEndpointContainer#0-0-C-1] INFO  o.s.k.l.KafkaMessageListenerContainer.info - log-server.consumer: partitions assigned: [ans-0]
25-07-2022 20:30:24.589 [org.springframework.kafka.KafkaListenerEndpointContainer#0-0-C-1] INFO  o.apache.kafka.clients.NetworkClient.handleDisconnections - [Consumer clientId=consumer-log-server.consumer-1, groupId=log-server.consumer] Node -1 disconnected.
25-07-2022 21:17:08.666 [org.springframework.kafka.KafkaListenerEndpointContainer#0-0-C-1] INFO  o.a.k.c.c.i.ConsumerCoordinator.invokePartitionsRevoked - [Consumer clientId=consumer-log-server.consumer-1, groupId=log-server.consumer] Revoke previously assigned partitions ans-0
25-07-2022 21:17:08.668 [org.springframework.kafka.KafkaListenerEndpointContainer#0-0-C-1] INFO  o.s.k.l.KafkaMessageListenerContainer.info - log-server.consumer: partitions revoked: [ans-0]
25-07-2022 21:17:08.669 [org.springframework.kafka.KafkaListenerEndpointContainer#0-0-C-1] INFO  o.a.k.c.c.i.ConsumerCoordinator.maybeLeaveGroup - [Consumer clientId=consumer-log-server.consumer-1, groupId=log-server.consumer] Member consumer-log-server.consumer-1-ab493190-3932-43ec-bf5e-20f9a05a13e6 sending LeaveGroup request to coordinator localhost:9092 (id: 2147482646 rack: null) due to the consumer unsubscribed from all topics
25-07-2022 21:17:08.671 [org.springframework.kafka.KafkaListenerEndpointContainer#0-0-C-1] INFO  o.a.k.c.c.i.ConsumerCoordinator.resetStateAndGeneration - [Consumer clientId=consumer-log-server.consumer-1, groupId=log-server.consumer] Resetting generation due to: consumer pro-actively leaving the group
25-07-2022 21:17:08.672 [org.springframework.kafka.KafkaListenerEndpointContainer#0-0-C-1] INFO  o.a.k.c.c.i.ConsumerCoordinator.requestRejoin - [Consumer clientId=consumer-log-server.consumer-1, groupId=log-server.consumer] Request joining group due to: consumer pro-actively leaving the group
25-07-2022 21:17:08.672 [org.springframework.kafka.KafkaListenerEndpointContainer#0-0-C-1] INFO  o.a.k.clients.consumer.KafkaConsumer.unsubscribe - [Consumer clientId=consumer-log-server.consumer-1, groupId=log-server.consumer] Unsubscribed all topics or patterns and assigned partitions
25-07-2022 21:17:08.673 [org.springframework.kafka.KafkaListenerEndpointContainer#0-0-C-1] INFO  o.a.k.c.c.i.ConsumerCoordinator.resetStateAndGeneration - [Consumer clientId=consumer-log-server.consumer-1, groupId=log-server.consumer] Resetting generation due to: consumer pro-actively leaving the group
25-07-2022 21:17:08.674 [org.springframework.kafka.KafkaListenerEndpointContainer#0-0-C-1] INFO  o.a.k.c.c.i.ConsumerCoordinator.requestRejoin - [Consumer clientId=consumer-log-server.consumer-1, groupId=log-server.consumer] Request joining group due to: consumer pro-actively leaving the group
25-07-2022 21:17:08.682 [org.springframework.kafka.KafkaListenerEndpointContainer#0-0-C-1] INFO  o.a.kafka.common.metrics.Metrics.close - Metrics scheduler closed
25-07-2022 21:17:08.682 [org.springframework.kafka.KafkaListenerEndpointContainer#0-0-C-1] INFO  o.a.kafka.common.metrics.Metrics.close - Closing reporter org.apache.kafka.common.metrics.JmxReporter
25-07-2022 21:17:08.683 [org.springframework.kafka.KafkaListenerEndpointContainer#0-0-C-1] INFO  o.a.kafka.common.metrics.Metrics.close - Metrics reporters closed
25-07-2022 21:17:08.689 [org.springframework.kafka.KafkaListenerEndpointContainer#0-0-C-1] INFO  o.a.kafka.common.utils.AppInfoParser.unregisterAppInfo - App info kafka.consumer for consumer-log-server.consumer-1 unregistered
25-07-2022 21:17:08.692 [org.springframework.kafka.KafkaListenerEndpointContainer#0-0-C-1] INFO  o.s.k.l.KafkaMessageListenerContainer.info - log-server.consumer: Consumer stopped
